 In round        505 convergence =  0.146586772270E-09
 delta convergence =  0.991227490593E-06
-2logL =        32191.858     : AIC =        32207.858    
Genetic variance(s) for effect  2       
  0.32264      0.33554    
  0.33554      0.41345    
  correlations
   1.0000      0.91871    
  0.91871       1.0000    
  eigenvectors
 -0.75303      0.65799    
  0.65799      0.75303    
  eigenvalues
  0.29444E-01  0.70665    
Genetic variance(s) for effect  3       
  0.89563E-01  0.74354E-01
  0.74354E-01  0.62454E-01
  correlations
   1.0000      0.99417    
  0.99417       1.0000    
  eigenvectors
  0.64057     -0.76790    
 -0.76790     -0.64057    
  eigenvalues
  0.42879E-03  0.15159    
Residual variance(s)
  0.49036       0.0000    
   0.0000      0.46403    
  correlations
   1.0000       0.0000    
   0.0000       1.0000    
  eigenvectors
   0.0000       1.0000    
   1.0000       0.0000    
  eigenvalues
  0.46403      0.49036    
inverse of AI matrix (Sampling Variance)
  0.82588E-03  0.53365E-03  0.26710E-03 -0.33245E-03 -0.25707E-03 -0.19752E-03 -0.52743E-04  0.32711E-04
  0.53365E-03  0.62127E-03  0.40557E-03 -0.24096E-03 -0.20238E-03 -0.16997E-03 -0.63845E-05 -0.10398E-04
  0.26710E-03  0.40557E-03  0.69141E-03 -0.22588E-03 -0.21801E-03 -0.20660E-03  0.41068E-04 -0.78365E-04
 -0.33245E-03 -0.24096E-03 -0.22588E-03  0.35751E-03  0.27260E-03  0.20600E-03 -0.76113E-04 -0.41040E-04
 -0.25707E-03 -0.20238E-03 -0.21801E-03  0.27260E-03  0.23535E-03  0.20268E-03 -0.57549E-04 -0.40803E-04
 -0.19752E-03 -0.16997E-03 -0.20660E-03  0.20600E-03  0.20268E-03  0.19487E-03 -0.43051E-04 -0.39536E-04
 -0.52743E-04 -0.63845E-05  0.41068E-04 -0.76113E-04 -0.57549E-04 -0.43051E-04  0.20971E-03  0.82986E-05
  0.32711E-04 -0.10398E-04 -0.78365E-04 -0.41040E-04 -0.40803E-04 -0.39536E-04  0.82986E-05  0.15728E-03
Correlations from inverse of AI matrix
   1.0000      0.74500      0.35347     -0.61181     -0.58308     -0.49236     -0.12674      0.90763E-01
  0.74500       1.0000      0.61881     -0.51128     -0.52926     -0.48849     -0.17688E-01 -0.33264E-01
  0.35347      0.61881       1.0000     -0.45433     -0.54044     -0.56286      0.10785     -0.23764    
 -0.61181     -0.51128     -0.45433       1.0000      0.93977      0.78048     -0.27797     -0.17308    
 -0.58308     -0.52926     -0.54044      0.93977       1.0000      0.94640     -0.25904     -0.21208    
 -0.49236     -0.48849     -0.56286      0.78048      0.94640       1.0000     -0.21297     -0.22584    
 -0.12674     -0.17688E-01  0.10785     -0.27797     -0.25904     -0.21297       1.0000      0.45694E-01
  0.90763E-01 -0.33264E-01 -0.23764     -0.17308     -0.21208     -0.22584      0.45694E-01   1.0000    
SE for G
  0.28738E-01  0.24925E-01
  0.24925E-01  0.26295E-01
SE for G
  0.18908E-01  0.15341E-01
  0.15341E-01  0.13959E-01
SE for R
  0.14481E-01   0.0000    
   0.0000      0.12541E-01
