 In round         20 convergence =  0.386073734369E-12
 delta convergence =  0.129662683726E-03
-2logL =        68842.152     : AIC =        68866.152    
Genetic variance(s) for effect  2       
   0.0000       0.0000       0.0000       0.0000    
   0.0000       1139.4      0.20152      -457.87    
   0.0000      0.20152      0.37304      -3.2268    
   0.0000      -457.87      -3.2268       460.19    
  correlations
   0.0000       0.0000       0.0000       0.0000    
   0.0000       1.0000      0.97743E-02 -0.63231    
   0.0000      0.97743E-02   1.0000     -0.24628    
   0.0000     -0.63231     -0.24628       1.0000    
  eigenvectors
   1.0000       0.0000       0.0000       0.0000    
   0.0000     -0.44074E-02  0.44956     -0.89324    
   0.0000     -0.99993     -0.12169E-01 -0.11907E-02
   0.0000     -0.11405E-01  0.89317      0.44958    
  eigenvalues
   0.0000      0.33712       229.77       1369.9    
Genetic variance(s) for effect  4       
  0.50405E-01 -0.82836    
 -0.82836       477.16    
  correlations
   1.0000     -0.16891    
 -0.16891       1.0000    
  eigenvectors
  -1.0000     -0.17362E-02
 -0.17362E-02   1.0000    
  eigenvalues
  0.48967E-01   477.16    
Residual variance(s)
  0.51902     -0.19677    
 -0.19677       1706.2    
  correlations
   1.0000     -0.66122E-02
 -0.66122E-02   1.0000    
  eigenvectors
  -1.0000     -0.11536E-03
 -0.11536E-03   1.0000    
  eigenvalues
  0.51900       1706.2    
inverse of AI matrix (Sampling Variance)
   19624.      -2.0129      -9157.8     -0.16159E-02   1.7153       4163.3      0.22563E-04 -0.12816      -62.842      0.29358E-03   1.3373      -10014.    
  -2.0129       2.6693      -9.9329     -0.77631E-03  -1.4001       10.972      0.50264E-03  0.10340      -1.1977      0.24427E-04 -0.14620E-01   1.4047    
  -9157.8      -9.9329       8879.4     -0.99994E-03   3.8611      -6476.6      0.22767E-03  0.38343       188.01     -0.50526E-04 -0.69989       4716.3    
 -0.16159E-02 -0.77631E-03 -0.99994E-03  0.10525E-02 -0.55845E-02  0.34448E-01 -0.43128E-03  0.18205E-02 -0.12251E-01 -0.76621E-05 -0.69153E-04 -0.13530E-03
   1.7153      -1.4001       3.8611     -0.55845E-02   1.7862      -15.118      0.18056E-02 -0.59033       5.1785      0.18790E-04  0.98739E-02 -0.74504    
   4163.3       10.972      -6476.6      0.34448E-01  -15.118       8213.2     -0.10762E-01   4.7592      -2043.7     -0.20203E-03  0.20526E-02  -2232.1    
  0.22563E-04  0.50264E-03  0.22767E-03 -0.43128E-03  0.18056E-02 -0.10762E-01  0.40796E-03 -0.15600E-02  0.62348E-02 -0.86316E-04  0.24221E-03  0.92206E-04
 -0.12816      0.10340      0.38343      0.18205E-02 -0.59033       4.7592     -0.15600E-02  0.76140      -4.6901      0.11342E-03 -0.18513      0.31671E-01
  -62.842      -1.1977       188.01     -0.12251E-01   5.1785      -2043.7      0.62348E-02  -4.6901       3046.5     -0.11999E-03  0.26405      -652.11    
  0.29358E-03  0.24427E-04 -0.50526E-04 -0.76621E-05  0.18790E-04 -0.20203E-03 -0.86316E-04  0.11342E-03 -0.11999E-03  0.17800E-03 -0.16422E-03 -0.11748E-03
   1.3373     -0.14620E-01 -0.69989     -0.69153E-04  0.98739E-02  0.20526E-02  0.24221E-03 -0.18513      0.26405     -0.16422E-03  0.81250     -0.86126    
  -10014.       1.4047       4716.3     -0.13530E-03 -0.74504      -2232.1      0.92206E-04  0.31671E-01  -652.11     -0.11748E-03 -0.86126       6925.5    
Correlations from inverse of AI matrix
   1.0000     -0.87949E-02 -0.69375     -0.35555E-03  0.91617E-02  0.32793      0.79743E-05 -0.10484E-02 -0.81273E-02  0.15708E-03  0.10591E-01 -0.85901    
 -0.87949E-02   1.0000     -0.64518E-01 -0.14646E-01 -0.64121      0.74102E-01  0.15232E-01  0.72527E-01 -0.13282E-01  0.11206E-02 -0.99275E-02  0.10331E-01
 -0.69375     -0.64518E-01   1.0000     -0.32710E-03  0.30659E-01 -0.75840      0.11962E-03  0.46633E-02  0.36149E-01 -0.40190E-04 -0.82399E-02  0.60143    
 -0.35555E-03 -0.14646E-01 -0.32710E-03   1.0000     -0.12880      0.11716E-01 -0.65818      0.64310E-01 -0.68417E-02 -0.17703E-01 -0.23648E-02 -0.50117E-04
  0.91617E-02 -0.64121      0.30659E-01 -0.12880       1.0000     -0.12482      0.66886E-01 -0.50620      0.70200E-01  0.10538E-02  0.81961E-02 -0.66986E-02
  0.32793      0.74102E-01 -0.75840      0.11716E-01 -0.12482       1.0000     -0.58793E-02  0.60182E-01 -0.40856     -0.16709E-03  0.25126E-04 -0.29596    
  0.79743E-05  0.15232E-01  0.11962E-03 -0.65818      0.66886E-01 -0.58793E-02   1.0000     -0.88516E-01  0.55926E-02 -0.32031      0.13304E-01  0.54856E-04
 -0.10484E-02  0.72527E-01  0.46633E-02  0.64310E-01 -0.50620      0.60182E-01 -0.88516E-01   1.0000     -0.97382E-01  0.97423E-02 -0.23537      0.43615E-03
 -0.81273E-02 -0.13282E-01  0.36149E-01 -0.68417E-02  0.70200E-01 -0.40856      0.55926E-02 -0.97382E-01   1.0000     -0.16294E-03  0.53073E-02 -0.14197    
  0.15708E-03  0.11206E-02 -0.40190E-04 -0.17703E-01  0.10538E-02 -0.16709E-03 -0.32031      0.97423E-02 -0.16294E-03   1.0000     -0.13655E-01 -0.10581E-03
  0.10591E-01 -0.99275E-02 -0.82399E-02 -0.23648E-02  0.81961E-02  0.25126E-04  0.13304E-01 -0.23537      0.53073E-02 -0.13655E-01   1.0000     -0.11481E-01
 -0.85901      0.10331E-01  0.60143     -0.50117E-04 -0.66986E-02 -0.29596      0.54856E-04  0.43615E-03 -0.14197     -0.10581E-03 -0.11481E-01   1.0000    
SE for G
   0.0000       0.0000       0.0000       0.0000    
   0.0000       140.09       1.6338       94.231    
   0.0000       1.6338      0.32442E-01   1.3365    
   0.0000       94.231       1.3365       90.627    
SE for G
  0.20198E-01  0.87258    
  0.87258       55.195    
SE for R
  0.13342E-01  0.90139    
  0.90139       83.219    
  
Sampling variances of covariances function of random effects (n=1000000)
  
hmwm  - Fucntion: g_3_3_1_2/(g_3_3_1_1*g_3_3_2_2)^0.5
  Mean:  -0.24628    
  Sample Mean:  -0.24897    
  Sample SD:   0.10394    
  
wmwd  - Fucntion: g_2_3_2_2/(g_2_2_2_2*g_3_3_2_2)^0.5
  Mean:  -0.63231    
  Sample Mean:  -0.63120    
  Sample SD:   0.70591E-01
  
wdhm  - Fucntion: g_2_3_2_1/(g_2_2_2_2*g_3_3_1_1)^0.5
  Mean:   0.97743E-02
  Sample Mean:   0.99892E-02
  Sample SD:   0.80281E-01
