 In round         79 convergence =  0.980093549748E-12
 delta convergence =  0.287149155169E-03
-2logL =        67973.283     : AIC =        67997.283    
Genetic variance(s) for effect  2       
   0.0000       0.0000       0.0000       0.0000    
   0.0000       1382.4       1.9580      -247.06    
   0.0000       1.9580      0.27171      -3.3495    
   0.0000      -247.06      -3.3495       513.39    
  correlations
   0.0000       0.0000       0.0000       0.0000    
   0.0000       1.0000      0.10103     -0.29327    
   0.0000      0.10103       1.0000     -0.28360    
   0.0000     -0.29327     -0.28360       1.0000    
  eigenvectors
   1.0000       0.0000       0.0000       0.0000    
   0.0000      0.27332E-03  0.25565     -0.96677    
   0.0000     -0.99998     -0.61134E-02 -0.18993E-02
   0.0000     -0.63958E-02  0.96675      0.25564    
  eigenvalues
   0.0000      0.24975       448.08       1447.7    
Genetic variance(s) for effect  4       
  0.19439E-02  0.28164E-01
  0.28164E-01   440.83    
  correlations
   1.0000      0.30425E-01
  0.30425E-01   1.0000    
  eigenvectors
  -1.0000      0.63889E-04
  0.63889E-04   1.0000    
  eigenvalues
  0.19421E-02   440.83    
Residual variance(s)
  0.61533      0.29284    
  0.29284       1697.1    
  correlations
   1.0000      0.90619E-02
  0.90619E-02   1.0000    
  eigenvectors
  -1.0000      0.17262E-03
  0.17262E-03   1.0000    
  eigenvalues
  0.61528       1697.1    
inverse of AI matrix (Sampling Variance)
   25971.       17.803      -8569.3      0.16241E-02  -6.0117       1903.2      0.98391E-05  0.71945E-01   95.691      0.12369E-02  0.29317      -13084.    
   17.803       3.0496      -23.080      0.26427E-02  -1.1742       17.075     -0.29466E-05 -0.76562E-02 -0.87006     -0.64504E-03 -0.66357E-01  -8.1095    
  -8569.3      -23.080       9546.8     -0.88764E-02   13.283      -5546.3     -0.29662E-04 -0.24767      -587.92     -0.13299E-02  -1.1155       4352.6    
  0.16241E-02  0.26427E-02 -0.88764E-02  0.54690E-03 -0.38833E-02  0.15562E-01 -0.65667E-06  0.90066E-04 -0.19506E-03 -0.19647E-03  0.13910E-03 -0.11354E-02
  -6.0117      -1.1742       13.283     -0.38833E-02   1.3157      -19.238     -0.36349E-05 -0.52692E-01   3.2317      0.79351E-03 -0.23729       3.2617    
   1903.2       17.075      -5546.3      0.15562E-01  -19.238       8886.1      0.66796E-04  0.45857      -2370.0      0.18740E-02   2.7803      -1228.9    
  0.98391E-05 -0.29466E-05 -0.29662E-04 -0.65667E-06 -0.36349E-05  0.66796E-04  0.93514E-06  0.11237E-04 -0.30433E-04 -0.34133E-06 -0.52194E-05 -0.81555E-05
  0.71945E-01 -0.76562E-02 -0.24767      0.90066E-04 -0.52692E-01  0.45857      0.11237E-04  0.90019E-01 -0.88515E-01 -0.57239E-04 -0.33630E-01 -0.92306E-01
   95.691     -0.87006      -587.92     -0.19506E-03   3.2317      -2370.0     -0.30433E-04 -0.88515E-01   3808.7     -0.17972E-02 -0.97575      -910.04    
  0.12369E-02 -0.64504E-03 -0.13299E-02 -0.19647E-03  0.79351E-03  0.18740E-02 -0.34133E-06 -0.57239E-04 -0.17972E-02  0.33781E-03  0.65517E-04 -0.66449E-03
  0.29317     -0.66357E-01  -1.1155      0.13910E-03 -0.23729       2.7803     -0.52194E-05 -0.33630E-01 -0.97575      0.65517E-04   1.1709     -0.22152    
  -13084.      -8.1095       4352.6     -0.11354E-02   3.2617      -1228.9     -0.81555E-05 -0.92306E-01  -910.04     -0.66449E-03 -0.22152       8733.2    
Correlations from inverse of AI matrix
   1.0000      0.63259E-01 -0.54421      0.43094E-03 -0.32522E-01  0.12528      0.63135E-04  0.14879E-02  0.96213E-02  0.41757E-03  0.16812E-02 -0.86879    
  0.63259E-01   1.0000     -0.13527      0.64710E-01 -0.58621      0.10373     -0.17449E-02 -0.14613E-01 -0.80732E-02 -0.20097E-01 -0.35117E-01 -0.49693E-01
 -0.54421     -0.13527       1.0000     -0.38847E-02  0.11852     -0.60217     -0.31393E-03 -0.84486E-02 -0.97499E-01 -0.74052E-03 -0.10551E-01  0.47669    
  0.43094E-03  0.64710E-01 -0.38847E-02   1.0000     -0.14477      0.70591E-02 -0.29037E-01  0.12836E-01 -0.13515E-03 -0.45708      0.54968E-02 -0.51953E-03
 -0.32522E-01 -0.58621      0.11852     -0.14477       1.0000     -0.17792     -0.32770E-02 -0.15311      0.45652E-01  0.37639E-01 -0.19119      0.30428E-01
  0.12528      0.10373     -0.60217      0.70591E-02 -0.17792       1.0000      0.73275E-03  0.16214E-01 -0.40739      0.10816E-02  0.27258E-01 -0.13950    
  0.63135E-04 -0.17449E-02 -0.31393E-03 -0.29037E-01 -0.32770E-02  0.73275E-03   1.0000      0.38729E-01 -0.50995E-03 -0.19204E-01 -0.49880E-02 -0.90246E-04
  0.14879E-02 -0.14613E-01 -0.84486E-02  0.12836E-01 -0.15311      0.16214E-01  0.38729E-01   1.0000     -0.47804E-02 -0.10380E-01 -0.10359     -0.32921E-02
  0.96213E-02 -0.80732E-02 -0.97499E-01 -0.13515E-03  0.45652E-01 -0.40739     -0.50995E-03 -0.47804E-02   1.0000     -0.15844E-02 -0.14612E-01 -0.15779    
  0.41757E-03 -0.20097E-01 -0.74052E-03 -0.45708      0.37639E-01  0.10816E-02 -0.19204E-01 -0.10380E-01 -0.15844E-02   1.0000      0.32943E-02 -0.38687E-03
  0.16812E-02 -0.35117E-01 -0.10551E-01  0.54968E-02 -0.19119      0.27258E-01 -0.49880E-02 -0.10359     -0.14612E-01  0.32943E-02   1.0000     -0.21906E-02
 -0.86879     -0.49693E-01  0.47669     -0.51953E-03  0.30428E-01 -0.13950     -0.90246E-04 -0.32921E-02 -0.15779     -0.38687E-03 -0.21906E-02   1.0000    
SE for G
   0.0000       0.0000       0.0000       0.0000    
   0.0000       161.16       1.7463       97.708    
   0.0000       1.7463      0.23386E-01   1.1470    
   0.0000       97.708       1.1470       94.266    
SE for G
  0.96703E-03  0.30003    
  0.30003       61.715    
SE for R
  0.18380E-01   1.0821    
   1.0821       93.451    
  
Sampling variances of covariances function of random effects (n=1000000)
  
hmwm  - Fucntion: g_3_3_1_2/(g_3_3_1_1*g_3_3_2_2)^0.5
  Mean:  -0.28360    
  Sample Mean:  -0.28596    
  Sample SD:   0.97298E-01
  
wmwd  - Fucntion: g_2_3_2_2/(g_2_2_2_2*g_3_3_2_2)^0.5
  Mean:  -0.29327    
  Sample Mean:  -0.28843    
  Sample SD:   0.96611E-01
  
wdhm  - Fucntion: g_2_3_2_1/(g_2_2_2_2*g_3_3_1_1)^0.5
  Mean:   0.10103    
  Sample Mean:   0.10128    
  Sample SD:   0.90820E-01
