 In round       1196 convergence =  0.453991339722E-10
 delta convergence =  0.998770492669E-06
-2logL =        25852.435     : AIC =        25868.435    
Genetic variance(s) for effect  2       
  0.37948      0.31735    
  0.31735      0.30493    
  correlations
   1.0000      0.93290    
  0.93290       1.0000    
  eigenvectors
  0.66458     -0.74721    
 -0.74721     -0.66458    
  eigenvalues
  0.22678E-01  0.66173    
Genetic variance(s) for effect  3       
  0.50093E-01  0.10000E-09
  0.10000E-09  0.10000E-09
  correlations
   1.0000      0.44680E-04
  0.44680E-04   1.0000    
  eigenvectors
  0.19963E-08  -1.0000    
  -1.0000     -0.19963E-08
  eigenvalues
  0.10000E-09  0.50093E-01
Residual variance(s)
  0.51586       0.0000    
   0.0000      0.60003    
  correlations
   1.0000       0.0000    
   0.0000       1.0000    
  eigenvectors
   1.0000       0.0000    
   0.0000       1.0000    
  eigenvalues
  0.51586      0.60003    
inverse of AI matrix (Sampling Variance)
  0.27768E-04  0.23221E-04  0.19419E-04   0.0000       0.0000       0.0000       0.0000       0.0000    
  0.23221E-04  0.20866E-04  0.18660E-04   0.0000       0.0000       0.0000       0.0000       0.0000    
  0.19419E-04  0.18660E-04  0.17930E-04   0.0000       0.0000       0.0000       0.0000       0.0000    
   0.0000       0.0000       0.0000      0.48391E-06   0.0000       0.0000       0.0000       0.0000    
   0.0000       0.0000       0.0000       0.0000       0.0000       0.0000       0.0000       0.0000    
   0.0000       0.0000       0.0000       0.0000       0.0000       0.0000       0.0000       0.0000    
   0.0000       0.0000       0.0000       0.0000       0.0000       0.0000      0.53069E-04   0.0000    
   0.0000       0.0000       0.0000       0.0000       0.0000       0.0000       0.0000      0.71798E-04
Correlations from inverse of AI matrix
   1.0000      0.96471      0.87031       0.0000       0.0000       0.0000       0.0000       0.0000    
  0.96471       1.0000      0.96471       0.0000       0.0000       0.0000       0.0000       0.0000    
  0.87031      0.96471       1.0000       0.0000       0.0000       0.0000       0.0000       0.0000    
   0.0000       0.0000       0.0000       1.0000       0.0000       0.0000       0.0000       0.0000    
   0.0000       0.0000       0.0000       0.0000       0.0000       0.0000       0.0000       0.0000    
   0.0000       0.0000       0.0000       0.0000       0.0000       0.0000       0.0000       0.0000    
   0.0000       0.0000       0.0000       0.0000       0.0000       0.0000       1.0000       0.0000    
   0.0000       0.0000       0.0000       0.0000       0.0000       0.0000       0.0000       1.0000    
SE for G
  0.52695E-02  0.45679E-02
  0.45679E-02  0.42344E-02
SE for G
  0.69564E-03   0.0000    
   0.0000       0.0000    
SE for R
  0.72848E-02   0.0000    
   0.0000      0.84734E-02
