 In round        496 convergence =  0.996560779224E-12
 delta convergence =  0.268114029396E-03
-2logL =        316097.00     : AIC =        316117.00    
Genetic variance(s) for effect  2       
  0.37918     -0.37710       0.0000      -2.9974    
 -0.37710       1160.5       0.0000      -303.56    
   0.0000       0.0000       0.0000       0.0000    
  -2.9974      -303.56       0.0000       453.13    
  correlations
   1.0000     -0.17977E-01   0.0000     -0.22867    
 -0.17977E-01   1.0000       0.0000     -0.41861    
   0.0000       0.0000       0.0000       0.0000    
 -0.22867     -0.41861       0.0000       1.0000    
  eigenvectors
 -0.48532E-14  0.99996      0.86429E-02 -0.54010E-03
 -0.12236E-15  0.24949E-02 -0.34726     -0.93777    
   1.0000      0.46313E-14  0.97840E-18  0.67656E-18
 -0.37723E-16  0.82926E-02 -0.93773      0.34726    
  eigenvalues
 -0.39913E-13  0.35338       340.75       1272.9    
Genetic variance(s) for effect  4       
   0.0000       0.0000    
   0.0000       448.43    
  correlations
   0.0000       0.0000    
   0.0000       1.0000    
  eigenvectors
   1.0000       0.0000    
   0.0000       1.0000    
  eigenvalues
   0.0000       448.43    
Genetic variance(s) for effect  5       
  0.48882E-01   0.0000    
   0.0000       0.0000    
  correlations
   1.0000       0.0000    
   0.0000       0.0000    
  eigenvectors
   0.0000       1.0000    
   1.0000       0.0000    
  eigenvalues
   0.0000      0.48882E-01
Residual variance(s)
  0.52224       0.0000    
   0.0000       1991.8    
  correlations
   1.0000       0.0000    
   0.0000       1.0000    
  eigenvectors
   1.0000       0.0000    
   0.0000       1.0000    
  eigenvalues
  0.52224       1991.8    
inverse of AI matrix (Sampling Variance)
  0.45487E-05 -0.45228E-05 -0.35958E-04  0.44969E-05  0.35753E-04  0.28426E-03   0.0000       0.0000       0.0000       0.0000    
 -0.45228E-05  0.69628E-02 -0.18029E-02 -0.13842E-01 -0.53214E-01  0.28787E-01   0.0000       0.0000       0.0000       0.0000    
 -0.35958E-04 -0.18029E-02  0.28600E-02  0.36207E-02  0.11691E-01 -0.42971E-01   0.0000       0.0000       0.0000       0.0000    
  0.44969E-05 -0.13842E-01  0.36207E-02   42.604      -11.145       2.9152       0.0000       0.0000       0.0000       0.0000    
  0.35753E-04 -0.53214E-01  0.11691E-01  -11.145       9.7756      -4.3517       0.0000       0.0000       0.0000       0.0000    
  0.28426E-03  0.28787E-01 -0.42971E-01   2.9152      -4.3517       6.4959       0.0000       0.0000       0.0000       0.0000    
   0.0000       0.0000       0.0000       0.0000       0.0000       0.0000       6.3619       0.0000       0.0000       0.0000    
   0.0000       0.0000       0.0000       0.0000       0.0000       0.0000       0.0000      0.75595E-07   0.0000       0.0000    
   0.0000       0.0000       0.0000       0.0000       0.0000       0.0000       0.0000       0.0000      0.99478E-05   0.0000    
   0.0000       0.0000       0.0000       0.0000       0.0000       0.0000       0.0000       0.0000       0.0000       144.70    
Correlations from inverse of AI matrix
   1.0000     -0.25414E-01 -0.31526      0.32303E-03  0.53617E-02  0.52293E-01   0.0000       0.0000       0.0000       0.0000    
 -0.25414E-01   1.0000     -0.40401     -0.25414E-01 -0.20397      0.13536       0.0000       0.0000       0.0000       0.0000    
 -0.31526     -0.40401       1.0000      0.10372E-01  0.69919E-01 -0.31526       0.0000       0.0000       0.0000       0.0000    
  0.32303E-03 -0.25414E-01  0.10372E-01   1.0000     -0.54609      0.17524       0.0000       0.0000       0.0000       0.0000    
  0.53617E-02 -0.20397      0.69919E-01 -0.54609       1.0000     -0.54609       0.0000       0.0000       0.0000       0.0000    
  0.52293E-01  0.13536     -0.31526      0.17524     -0.54609       1.0000       0.0000       0.0000       0.0000       0.0000    
   0.0000       0.0000       0.0000       0.0000       0.0000       0.0000       1.0000       0.0000       0.0000       0.0000    
   0.0000       0.0000       0.0000       0.0000       0.0000       0.0000       0.0000       1.0000       0.0000       0.0000    
   0.0000       0.0000       0.0000       0.0000       0.0000       0.0000       0.0000       0.0000       1.0000       0.0000    
   0.0000       0.0000       0.0000       0.0000       0.0000       0.0000       0.0000       0.0000       0.0000       1.0000    
SE for G
  0.21328E-02  0.83443E-01   0.0000      0.53479E-01
  0.83443E-01   6.5272       0.0000       3.1266    
   0.0000       0.0000       0.0000       0.0000    
  0.53479E-01   3.1266       0.0000       2.5487    
SE for G
   0.0000       0.0000    
   0.0000       2.5223    
SE for G
  0.27495E-03   0.0000    
   0.0000       0.0000    
SE for R
  0.31540E-02   0.0000    
   0.0000       12.029    
